<?xml version="1.0" encoding="UTF-8"?>
<!-- Generated by org.testng.reporters.JUnitXMLReporter -->
<testsuite ignored="1" hostname="DESKTOP-G609BEC" failures="0" tests="1" name="Default test" time="0.097" errors="0" timestamp="2022-10-08T23:13:01 IST">
  <testcase classname="JavaProgPractice.SortTheElementsInAscendingOrder" name="descendingOrder" time="0.015"/>
  <testcase classname="JavaProgPractice.SortTheElementsInAscendingOrder" name="swap" time="0.0">
    <ignored/>
  </testcase> <!-- swap -->
</testsuite> <!-- Default test -->
