<?xml version="1.0" encoding="UTF-8"?>
<!-- Generated by org.testng.reporters.JUnitXMLReporter -->
<testsuite ignored="0" hostname="DESKTOP-G609BEC" failures="1" tests="1" name="RealDeviceTest" time="39.315" errors="0" timestamp="2022-10-07T11:11:23 IST">
  <testcase classname="ParallelExecution.AppiumClick" name="ApiDemos" time="22.32">
    <failure type="org.openqa.selenium.NoSuchElementException" message="An element could not be located on the page using the given search parameters. (WARNING: The server did not provide any stacktrace information)
Command duration or timeout: 20.12 seconds
For documentation on this error, please visit: http://seleniumhq.org/exceptions/no_such_element.html
Build info: version: &amp;apos;2.53.1&amp;apos;, revision: &amp;apos;a36b8b1cd5757287168e54b817830adce9b0158d&amp;apos;, time: &amp;apos;2016-06-30 19:26:09&amp;apos;
System info: host: &amp;apos;DESKTOP-G609BEC&amp;apos;, ip: &amp;apos;127.0.0.1&amp;apos;, os.name: &amp;apos;Windows 10&amp;apos;, os.arch: &amp;apos;amd64&amp;apos;, os.version: &amp;apos;10.0&amp;apos;, java.version: &amp;apos;16.0.1&amp;apos;
Driver info: io.appium.java_client.android.AndroidDriver
Capabilities [{appPackage=io.appium.android.apis, statBarHeight=77, noReset=true, viewportRect={top=77, left=0, width=720, height=1334}, deviceName=R9ZNC03VN6X, platform=LINUX, deviceUDID=R9ZNC03VN6X, desired={appPackage=io.appium.android.apis, appActivity=.ApiDemos, noReset=true, newCommandTimeout=120, udid=R9ZNC03VN6X, platformName=Android, deviceName=R9ZNC03VN6X, version=12}, newCommandTimeout=120, platformVersion=12, webStorageEnabled=false, takesScreenshot=true, javascriptEnabled=true, udid=R9ZNC03VN6X, platformName=Android, deviceApiLevel=31, deviceManufacturer=samsung, deviceScreenSize=720x1560, networkConnectionEnabled=true, warnings={}, databaseEnabled=false, version=12, appActivity=.ApiDemos, pixelRatio=1.75, locationContextEnabled=false, deviceScreenDensity=280, deviceModel=SM-M115F}]
Session ID: 75ab06ee-d72c-402d-a8ad-04661e620c06
*** Element info: {Using=xpath, value=//android.widget.TextView[@content-desc=&amp;quot;Controls&amp;quot;]}">
      <![CDATA[org.openqa.selenium.NoSuchElementException: An element could not be located on the page using the given search parameters. (WARNING: The server did not provide any stacktrace information)
Command duration or timeout: 20.12 seconds
For documentation on this error, please visit: http://seleniumhq.org/exceptions/no_such_element.html
Build info: version: '2.53.1', revision: 'a36b8b1cd5757287168e54b817830adce9b0158d', time: '2016-06-30 19:26:09'
System info: host: 'DESKTOP-G609BEC', ip: '127.0.0.1', os.name: 'Windows 10', os.arch: 'amd64', os.version: '10.0', java.version: '16.0.1'
Driver info: io.appium.java_client.android.AndroidDriver
Capabilities [{appPackage=io.appium.android.apis, statBarHeight=77, noReset=true, viewportRect={top=77, left=0, width=720, height=1334}, deviceName=R9ZNC03VN6X, platform=LINUX, deviceUDID=R9ZNC03VN6X, desired={appPackage=io.appium.android.apis, appActivity=.ApiDemos, noReset=true, newCommandTimeout=120, udid=R9ZNC03VN6X, platformName=Android, deviceName=R9ZNC03VN6X, version=12}, newCommandTimeout=120, platformVersion=12, webStorageEnabled=false, takesScreenshot=true, javascriptEnabled=true, udid=R9ZNC03VN6X, platformName=Android, deviceApiLevel=31, deviceManufacturer=samsung, deviceScreenSize=720x1560, networkConnectionEnabled=true, warnings={}, databaseEnabled=false, version=12, appActivity=.ApiDemos, pixelRatio=1.75, locationContextEnabled=false, deviceScreenDensity=280, deviceModel=SM-M115F}]
Session ID: 75ab06ee-d72c-402d-a8ad-04661e620c06
*** Element info: {Using=xpath, value=//android.widget.TextView[@content-desc="Controls"]}
at org.openqa.selenium.remote.ErrorHandler.createThrowable(ErrorHandler.java:206)
at org.openqa.selenium.remote.ErrorHandler.throwIfResponseFailed(ErrorHandler.java:158)
at org.openqa.selenium.remote.RemoteWebDriver.execute(RemoteWebDriver.java:678)
at io.appium.java_client.DefaultGenericMobileDriver.execute(DefaultGenericMobileDriver.java:40)
at io.appium.java_client.AppiumDriver.execute(AppiumDriver.java:1)
at io.appium.java_client.android.AndroidDriver.execute(AndroidDriver.java:1)
at org.openqa.selenium.remote.RemoteWebDriver.findElement(RemoteWebDriver.java:363)
at io.appium.java_client.DefaultGenericMobileDriver.findElement(DefaultGenericMobileDriver.java:56)
at io.appium.java_client.AppiumDriver.findElement(AppiumDriver.java:1)
at io.appium.java_client.android.AndroidDriver.findElement(AndroidDriver.java:1)
at org.openqa.selenium.remote.RemoteWebDriver.findElementByXPath(RemoteWebDriver.java:500)
at io.appium.java_client.DefaultGenericMobileDriver.findElementByXPath(DefaultGenericMobileDriver.java:134)
at io.appium.java_client.AppiumDriver.findElementByXPath(AppiumDriver.java:1)
at io.appium.java_client.android.AndroidDriver.findElementByXPath(AndroidDriver.java:1)
at org.openqa.selenium.By$ByXPath.findElement(By.java:361)
at org.openqa.selenium.remote.RemoteWebDriver.findElement(RemoteWebDriver.java:355)
at io.appium.java_client.DefaultGenericMobileDriver.findElement(DefaultGenericMobileDriver.java:52)
at io.appium.java_client.AppiumDriver.findElement(AppiumDriver.java:1)
at io.appium.java_client.android.AndroidDriver.findElement(AndroidDriver.java:1)
at ParallelExecution.AppiumClick.ApiDemos(AppiumClick.java:17)
at java.base/java.util.ArrayList.forEach(ArrayList.java:1511)
at java.base/java.util.concurrent.FutureTask.run(FutureTask.java:264)
at java.base/java.util.concurrent.ThreadPoolExecutor.runWorker(ThreadPoolExecutor.java:1130)
at java.base/java.util.concurrent.ThreadPoolExecutor$Worker.run(ThreadPoolExecutor.java:630)
at java.base/java.lang.Thread.run(Thread.java:831)
... Removed 23 stack frames]]>
    </failure>
  </testcase> <!-- ApiDemos -->
</testsuite> <!-- RealDeviceTest -->
