<?xml version="1.0" encoding="UTF-8"?>
<testng-results ignored="1" total="2" passed="1" failed="0" skipped="0">
  <reporter-output>
  </reporter-output>
  <suite started-at="2022-10-08T23:13:01 IST" name="Default suite" finished-at="2022-10-08T23:13:01 IST" duration-ms="97">
    <groups>
    </groups>
    <test started-at="2022-10-08T23:13:01 IST" name="Default test" finished-at="2022-10-08T23:13:01 IST" duration-ms="97">
      <class name="JavaProgPractice.SortTheElementsInAscendingOrder">
        <test-method signature="descendingOrder()[pri:0, instance:JavaProgPractice.SortTheElementsInAscendingOrder@72cc7e6f]" started-at="2022-10-08T23:13:01 IST" name="descendingOrder" finished-at="2022-10-08T23:13:01 IST" duration-ms="15" status="PASS">
          <reporter-output>
          </reporter-output>
        </test-method> <!-- descendingOrder -->
      </class> <!-- JavaProgPractice.SortTheElementsInAscendingOrder -->
    </test> <!-- Default test -->
  </suite> <!-- Default suite -->
</testng-results>
